./client -network=fast -codec=pb -h=127.0.0.1 -p=9999 -total=1000000 -concurrent=false -batch=false -noresponse=false -clients=1
==========================BENCHMARK==========================
Used Connections:		1
Used Parallel Calls:		1
Total Number Of Calls:		1000000

===========================TIMINGS===========================
Total time passed:		109.74s
Avg time per request:		0.11ms
Requests per second:		9112.81
Median time per request:	0.10ms
99th percentile time:		0.18ms
Slowest time for request:	15.00ms

==========================RESPONSES==========================
ResponseOk:			1000000 (100.00%)
Errors:				0 (0.00%)
./client -network=fast -codec=pb -h=127.0.0.1 -p=9999 -total=1000000 -concurrent=false -batch=false -noresponse=false -clients=12
==========================BENCHMARK==========================
Used Connections:		12
Used Parallel Calls:		1
Total Number Of Calls:		1000000

===========================TIMINGS===========================
Total time passed:		38.78s
Avg time per request:		0.46ms
Requests per second:		25786.88
Median time per request:	0.41ms
99th percentile time:		1.44ms
Slowest time for request:	53.00ms

==========================RESPONSES==========================
ResponseOk:			1000000 (100.00%)
Errors:				0 (0.00%)
./client -network=fast -codec=pb -h=127.0.0.1 -p=9999 -total=1000000 -concurrent=false -batch=false -noresponse=false -clients=48
==========================BENCHMARK==========================
Used Connections:		48
Used Parallel Calls:		1
Total Number Of Calls:		1000000

===========================TIMINGS===========================
Total time passed:		36.73s
Avg time per request:		1.76ms
Requests per second:		27224.69
Median time per request:	1.35ms
99th percentile time:		7.36ms
Slowest time for request:	123.00ms

==========================RESPONSES==========================
ResponseOk:			1000000 (100.00%)
Errors:				0 (0.00%)
./client -network=fast -codec=pb -h=127.0.0.1 -p=9999 -total=1000000 -concurrent=false -batch=false -noresponse=false -clients=192
==========================BENCHMARK==========================
Used Connections:		192
Used Parallel Calls:		1
Total Number Of Calls:		1000000

===========================TIMINGS===========================
Total time passed:		38.73s
Avg time per request:		7.43ms
Requests per second:		25820.06
Median time per request:	6.12ms
99th percentile time:		33.19ms
Slowest time for request:	167.00ms

==========================RESPONSES==========================
ResponseOk:			1000000 (100.00%)
Errors:				0 (0.00%)
./client -network=fast -codec=pb -h=127.0.0.1 -p=9999 -total=1000000 -concurrent=true -batch=false -noresponse=false -clients=1
==========================BENCHMARK==========================
Used Connections:		1
Used Parallel Calls:		32
Total Number Of Calls:		1000000

===========================TIMINGS===========================
Total time passed:		38.71s
Avg time per request:		1.24ms
Requests per second:		25831.04
Median time per request:	1.22ms
99th percentile time:		2.71ms
Slowest time for request:	19.00ms

==========================RESPONSES==========================
ResponseOk:			1000000 (100.00%)
Errors:				0 (0.00%)
./client -network=fast -codec=pb -h=127.0.0.1 -p=9999 -total=1000000 -concurrent=true -batch=false -noresponse=false -clients=2
==========================BENCHMARK==========================
Used Connections:		2
Used Parallel Calls:		32
Total Number Of Calls:		1000000

===========================TIMINGS===========================
Total time passed:		37.10s
Avg time per request:		2.37ms
Requests per second:		26952.47
Median time per request:	2.24ms
99th percentile time:		6.30ms
Slowest time for request:	33.00ms

==========================RESPONSES==========================
ResponseOk:			1000000 (100.00%)
Errors:				0 (0.00%)
./client -network=fast -codec=pb -h=127.0.0.1 -p=9999 -total=1000000 -concurrent=false -batch=true -noresponse=false -clients=1
==========================BENCHMARK==========================
Used Connections:		1
Used Parallel Calls:		512
Total Number Of Calls:		1000000

===========================TIMINGS===========================
Total time passed:		5.23s
Avg time per request:		2.67ms
Requests per second:		191358.37
Median time per request:	2.35ms
99th percentile time:		10.83ms
Slowest time for request:	41.00ms

==========================RESPONSES==========================
ResponseOk:			1000000 (100.00%)
Errors:				0 (0.00%)
./client -network=fast -codec=pb -h=127.0.0.1 -p=9999 -total=1000000 -concurrent=false -batch=true -noresponse=false -clients=2
==========================BENCHMARK==========================
Used Connections:		2
Used Parallel Calls:		512
Total Number Of Calls:		1000000

===========================TIMINGS===========================
Total time passed:		4.06s
Avg time per request:		4.15ms
Requests per second:		246002.88
Median time per request:	3.46ms
99th percentile time:		23.81ms
Slowest time for request:	60.00ms

==========================RESPONSES==========================
ResponseOk:			1000000 (100.00%)
Errors:				0 (0.00%)
./client -network=fast -codec=pb -h=127.0.0.1 -p=9999 -total=1000000 -concurrent=false -batch=false -noresponse=true -clients=1
==========================BENCHMARK==========================
Used Connections:		1
Used Parallel Calls:		1
Total Number Of Calls:		1000000

===========================TIMINGS===========================
Total time passed:		34.92s
Avg time per request:		0.03ms
Requests per second:		28638.24
Median time per request:	0.00ms
99th percentile time:		1.03ms
Slowest time for request:	8.00ms

==========================RESPONSES==========================
ResponseOk:			1000000 (100.00%)
Errors:				0 (0.00%)
./client -network=fast -codec=pb -h=127.0.0.1 -p=9999 -total=1000000 -concurrent=false -batch=false -noresponse=true -clients=2
==========================BENCHMARK==========================
Used Connections:		2
Used Parallel Calls:		1
Total Number Of Calls:		1000000

===========================TIMINGS===========================
Total time passed:		34.20s
Avg time per request:		0.07ms
Requests per second:		29242.02
Median time per request:	0.00ms
99th percentile time:		2.03ms
Slowest time for request:	25.00ms

==========================RESPONSES==========================
ResponseOk:			1000000 (100.00%)
Errors:				0 (0.00%)
./client -network=fast -codec=pb -h=127.0.0.1 -p=9999 -total=1000000 -concurrent=true -batch=true -noresponse=false -clients=1
==========================BENCHMARK==========================
Used Connections:		1
Used Parallel Calls:		512
Total Number Of Calls:		1000000

===========================TIMINGS===========================
Total time passed:		5.23s
Avg time per request:		2.67ms
Requests per second:		191255.93
Median time per request:	2.35ms
99th percentile time:		12.87ms
Slowest time for request:	55.00ms

==========================RESPONSES==========================
ResponseOk:			1000000 (100.00%)
Errors:				0 (0.00%)
./client -network=fast -codec=pb -h=127.0.0.1 -p=9999 -total=1000000 -concurrent=true -batch=true -noresponse=false -clients=2
==========================BENCHMARK==========================
Used Connections:		2
Used Parallel Calls:		512
Total Number Of Calls:		1000000

===========================TIMINGS===========================
Total time passed:		4.02s
Avg time per request:		4.10ms
Requests per second:		248876.20
Median time per request:	3.37ms
99th percentile time:		26.91ms
Slowest time for request:	75.00ms

==========================RESPONSES==========================
ResponseOk:			1000000 (100.00%)
Errors:				0 (0.00%)
./client -network=fast -codec=pb -h=127.0.0.1 -p=9999 -total=1000000 -concurrent=false -batch=true -noresponse=true -clients=1
==========================BENCHMARK==========================
Used Connections:		1
Used Parallel Calls:		512
Total Number Of Calls:		1000000

===========================TIMINGS===========================
Total time passed:		1.76s
Avg time per request:		0.90ms
Requests per second:		567767.61
Median time per request:	0.00ms
99th percentile time:		15.08ms
Slowest time for request:	45.00ms

==========================RESPONSES==========================
ResponseOk:			1000000 (100.00%)
Errors:				0 (0.00%)
./client -network=fast -codec=pb -h=127.0.0.1 -p=9999 -total=1000000 -concurrent=false -batch=true -noresponse=true -clients=2
==========================BENCHMARK==========================
Used Connections:		2
Used Parallel Calls:		512
Total Number Of Calls:		1000000

===========================TIMINGS===========================
Total time passed:		1.68s
Avg time per request:		1.69ms
Requests per second:		596883.79
Median time per request:	0.00ms
99th percentile time:		35.46ms
Slowest time for request:	84.00ms

==========================RESPONSES==========================
ResponseOk:			1000000 (100.00%)
Errors:				0 (0.00%)
./client -network=fast -codec=pb -h=127.0.0.1 -p=9999 -total=1000000 -concurrent=true -batch=false -noresponse=true -clients=1
==========================BENCHMARK==========================
Used Connections:		1
Used Parallel Calls:		32
Total Number Of Calls:		1000000

===========================TIMINGS===========================
Total time passed:		35.22s
Avg time per request:		1.13ms
Requests per second:		28392.21
Median time per request:	1.09ms
99th percentile time:		3.23ms
Slowest time for request:	14.00ms

==========================RESPONSES==========================
ResponseOk:			1000000 (100.00%)
Errors:				0 (0.00%)
./client -network=fast -codec=pb -h=127.0.0.1 -p=9999 -total=1000000 -concurrent=true -batch=false -noresponse=true -clients=2
==========================BENCHMARK==========================
Used Connections:		2
Used Parallel Calls:		32
Total Number Of Calls:		1000000

===========================TIMINGS===========================
Total time passed:		34.64s
Avg time per request:		2.22ms
Requests per second:		28868.57
Median time per request:	1.91ms
99th percentile time:		7.66ms
Slowest time for request:	23.00ms

==========================RESPONSES==========================
ResponseOk:			1000000 (100.00%)
Errors:				0 (0.00%)
./client -network=fast -codec=pb -h=127.0.0.1 -p=9999 -total=1000000 -concurrent=true -batch=true -noresponse=true -clients=1
==========================BENCHMARK==========================
Used Connections:		1
Used Parallel Calls:		512
Total Number Of Calls:		1000000

===========================TIMINGS===========================
Total time passed:		1.80s
Avg time per request:		0.91ms
Requests per second:		557057.75
Median time per request:	0.00ms
99th percentile time:		15.63ms
Slowest time for request:	41.00ms

==========================RESPONSES==========================
ResponseOk:			1000000 (100.00%)
Errors:				0 (0.00%)
./client -network=fast -codec=pb -h=127.0.0.1 -p=9999 -total=1000000 -concurrent=true -batch=true -noresponse=true -clients=2
==========================BENCHMARK==========================
Used Connections:		2
Used Parallel Calls:		512
Total Number Of Calls:		1000000

===========================TIMINGS===========================
Total time passed:		1.69s
Avg time per request:		1.70ms
Requests per second:		592714.47
Median time per request:	0.00ms
99th percentile time:		37.57ms
Slowest time for request:	117.00ms

==========================RESPONSES==========================
ResponseOk:			1000000 (100.00%)
Errors:				0 (0.00%)
